{"numTotalTestSuites":9,"numPassedTestSuites":9,"numFailedTestSuites":0,"numPendingTestSuites":0,"numTotalTests":58,"numPassedTests":58,"numFailedTests":0,"numPendingTests":0,"numTodoTests":0,"snapshot":{"added":0,"failure":false,"filesAdded":0,"filesRemoved":0,"filesRemovedList":[],"filesUnmatched":0,"filesUpdated":0,"matched":0,"total":0,"unchecked":0,"uncheckedKeysByFile":[],"unmatched":0,"updated":0,"didUpdate":false},"startTime":1789340048723,"success":true,"testResults":[{"assertionResults":[{"ancestorTitles":[],"fullName":"saves only after identity and courses validate, retaining only MUN and Brightspace cookies","status":"passed","title":"saves only after identity and courses validate, retaining only MUN and Brightspace cookies","duration":9.808599999999956,"failureMessages":[],"meta":{},"tags":[],"benchmarks":[]},{"ancestorTitles":[],"fullName":"silently renews an existing browser session and saves it after verification","status":"passed","title":"silently renews an existing browser session and saves it after verification","duration":1.6685999999999694,"failureMessages":[],"meta":{},"tags":[],"benchmarks":[]},{"ancestorTitles":[],"fullName":"cancellation preserves an existing saved session","status":"passed","title":"cancellation preserves an existing saved session","duration":2.22950000000003,"failureMessages":[],"meta":{},"tags":[],"benchmarks":[]},{"ancestorTitles":[],"fullName":"times out without deleting authentication","status":"passed","title":"times out without deleting authentication","duration":0.8906000000000631,"failureMessages":[],"meta":{},"tags":[],"benchmarks":[]},{"ancestorTitles":[],"fullName":"restores a saved session without launching a browser","status":"passed","title":"restores a saved session without launching a browser","duration":1.2252999999999474,"failureMessages":[],"meta":{},"tags":[],"benchmarks":[]},{"ancestorTitles":[],"fullName":"network failure preserves the stored session and disposes the request context","status":"passed","title":"network failure preserves the stored session and disposes the request context","duration":1.1397999999999229,"failureMessages":[],"meta":{},"tags":[],"benchmarks":[]}],"startTime":1789340049603,"endTime":1789340049620.14,"status":"passed","message":"","name":"tests/auth.test.ts"},{"assertionResults":[{"ancestorTitles":["Brightspace client"],"fullName":"Brightspace client supports ObjectListPage next links","status":"passed","title":"supports ObjectListPage next links","duration":4.889300000000048,"failureMessages":[],"meta":{},"tags":[],"benchmarks":[]},{"ancestorTitles":["Brightspace client"],"fullName":"Brightspace client rejects next links leaving the requested resource: https://evil.example/d2l/api/quizzes/","status":"passed","title":"rejects next links leaving the requested resource: https://evil.example/d2l/api/quizzes/","duration":1.8753000000000384,"failureMessages":[],"meta":{},"tags":[],"benchmarks":[]},{"ancestorTitles":["Brightspace client"],"fullName":"Brightspace client rejects next links leaving the requested resource: /d2l/api/roster/","status":"passed","title":"rejects next links leaving the requested resource: /d2l/api/roster/","duration":0.5825999999999567,"failureMessages":[],"meta":{},"tags":[],"benchmarks":[]},{"ancestorTitles":["Brightspace client"],"fullName":"Brightspace client discovers tenant versions","status":"passed","title":"discovers tenant versions","duration":0.9990000000000236,"failureMessages":[],"meta":{},"tags":[],"benchmarks":[]},{"ancestorTitles":["Brightspace client"],"fullName":"Brightspace client follows bookmarks without losing the original filters","status":"passed","title":"follows bookmarks without losing the original filters","duration":4.1340000000000146,"failureMessages":[],"meta":{},"tags":[],"benchmarks":[]},{"ancestorTitles":["Brightspace client"],"fullName":"Brightspace client rejects repeated bookmarks instead of silently truncating","status":"passed","title":"rejects repeated bookmarks instead of silently truncating","duration":1.0996999999999844,"failureMessages":[],"meta":{},"tags":[],"benchmarks":[]},{"ancestorTitles":["Brightspace client"],"fullName":"Brightspace client blocks credentials to https://example.com/d2l/api/test","status":"passed","title":"blocks credentials to https://example.com/d2l/api/test","duration":0.48090000000001965,"failureMessages":[],"meta":{},"tags":[],"benchmarks":[]},{"ancestorTitles":["Brightspace client"],"fullName":"Brightspace client blocks credentials to //example.com/d2l/api/test","status":"passed","title":"blocks credentials to //example.com/d2l/api/test","duration":0.3369000000000142,"failureMessages":[],"meta":{},"tags":[],"benchmarks":[]},{"ancestorTitles":["Brightspace client"],"fullName":"Brightspace client blocks credentials to https://user:pass@online.mun.ca/d2l/api/test","status":"passed","title":"blocks credentials to https://user:pass@online.mun.ca/d2l/api/test","duration":0.47199999999998,"failureMessages":[],"meta":{},"tags":[],"benchmarks":[]},{"ancestorTitles":["Brightspace client"],"fullName":"Brightspace client blocks credentials to /logout","status":"passed","title":"blocks credentials to /logout","duration":0.49689999999998236,"failureMessages":[],"meta":{},"tags":[],"benchmarks":[]},{"ancestorTitles":["Brightspace client"],"fullName":"Brightspace client distinguishes HTTP 401","status":"passed","title":"distinguishes HTTP 401","duration":0.46690000000000964,"failureMessages":[],"meta":{},"tags":[],"benchmarks":[]},{"ancestorTitles":["Brightspace client"],"fullName":"Brightspace client distinguishes HTTP 403","status":"passed","title":"distinguishes HTTP 403","duration":0.4050999999999476,"failureMessages":[],"meta":{},"tags":[],"benchmarks":[]},{"ancestorTitles":["Brightspace client"],"fullName":"Brightspace client distinguishes HTTP 404","status":"passed","title":"distinguishes HTTP 404","duration":0.29510000000004766,"failureMessages":[],"meta":{},"tags":[],"benchmarks":[]},{"ancestorTitles":["Brightspace client"],"fullName":"Brightspace client does not follow redirects","status":"passed","title":"does not follow redirects","duration":0.5139999999998963,"failureMessages":[],"meta":{},"tags":[],"benchmarks":[]},{"ancestorTitles":["Brightspace client"],"fullName":"Brightspace client honors retry-after with bounded retries","status":"passed","title":"honors retry-after with bounded retries","duration":0.8476000000000568,"failureMessages":[],"meta":{},"tags":[],"benchmarks":[]},{"ancestorTitles":["Brightspace client"],"fullName":"Brightspace client reports long retry-after immediately without retrying early","status":"passed","title":"reports long retry-after immediately without retrying early","duration":0.4311000000000149,"failureMessages":[],"meta":{},"tags":[],"benchmarks":[]},{"ancestorTitles":["Brightspace client"],"fullName":"Brightspace client redacts network errors and stops after three attempts","status":"passed","title":"redacts network errors and stops after three attempts","duration":0.45060000000000855,"failureMessages":[],"meta":{},"tags":[],"benchmarks":[]}],"startTime":1789340049580,"endTime":1789340049598.4507,"status":"passed","message":"","name":"tests/client.test.ts"},{"assertionResults":[{"ancestorTitles":[],"fullName":"defaults proactive session renewal to four hours","status":"passed","title":"defaults proactive session renewal to four hours","duration":2.25,"failureMessages":[],"meta":{},"tags":[],"benchmarks":[]},{"ancestorTitles":[],"fullName":"accepts configurable hours 8","status":"passed","title":"accepts configurable hours 8","duration":0.3080999999999676,"failureMessages":[],"meta":{},"tags":[],"benchmarks":[]},{"ancestorTitles":[],"fullName":"accepts configurable hours 0.5","status":"passed","title":"accepts configurable hours 0.5","duration":0.2338999999999487,"failureMessages":[],"meta":{},"tags":[],"benchmarks":[]},{"ancestorTitles":[],"fullName":"accepts configurable hours 168","status":"passed","title":"accepts configurable hours 168","duration":0.248299999999972,"failureMessages":[],"meta":{},"tags":[],"benchmarks":[]},{"ancestorTitles":[],"fullName":"accepts configurable hours 0","status":"passed","title":"accepts configurable hours 0","duration":0.23059999999998126,"failureMessages":[],"meta":{},"tags":[],"benchmarks":[]},{"ancestorTitles":[],"fullName":"rejects invalid session hours nope","status":"passed","title":"rejects invalid session hours nope","duration":0.7509999999999764,"failureMessages":[],"meta":{},"tags":[],"benchmarks":[]},{"ancestorTitles":[],"fullName":"rejects invalid session hours -1","status":"passed","title":"rejects invalid session hours -1","duration":0.16779999999994288,"failureMessages":[],"meta":{},"tags":[],"benchmarks":[]},{"ancestorTitles":[],"fullName":"rejects invalid session hours 0.1","status":"passed","title":"rejects invalid session hours 0.1","duration":0.175200000000018,"failureMessages":[],"meta":{},"tags":[],"benchmarks":[]},{"ancestorTitles":[],"fullName":"rejects invalid session hours 169","status":"passed","title":"rejects invalid session hours 169","duration":0.20310000000006312,"failureMessages":[],"meta":{},"tags":[],"benchmarks":[]},{"ancestorTitles":[],"fullName":"rejects invalid session hours Infinity","status":"passed","title":"rejects invalid session hours Infinity","duration":0.25750000000005,"failureMessages":[],"meta":{},"tags":[],"benchmarks":[]}],"startTime":1789340049468,"endTime":1789340049473.2576,"status":"passed","message":"","name":"tests/config.test.ts"},{"assertionResults":[{"ancestorTitles":[],"fullName":"uses Newfoundland winter and summer offsets, preserving the API timestamp","status":"passed","title":"uses Newfoundland winter and summer offsets, preserving the API timestamp","duration":19.596199999999953,"failureMessages":[],"meta":{},"tags":[],"benchmarks":[]},{"ancestorTitles":[],"fullName":"handles the spring clock transition","status":"passed","title":"handles the spring clock transition","duration":0.8635000000000446,"failureMessages":[],"meta":{},"tags":[],"benchmarks":[]},{"ancestorTitles":[],"fullName":"extracts readable HTML without scripts","status":"passed","title":"extracts readable HTML without scripts","duration":10.2269,"failureMessages":[],"meta":{},"tags":[],"benchmarks":[]},{"ancestorTitles":[],"fullName":"does not expose unsafe or credential-bearing links","status":"passed","title":"does not expose unsafe or credential-bearing links","duration":0.6966999999999643,"failureMessages":[],"meta":{},"tags":[],"benchmarks":[]}],"startTime":1789340049534,"endTime":1789340049565.6968,"status":"passed","message":"","name":"tests/format.test.ts"},{"assertionResults":[{"ancestorTitles":[],"fullName":"advertises exactly twelve read-only tools and returns structured content","status":"passed","title":"advertises exactly twelve read-only tools and returns structured content","duration":22.63740000000007,"failureMessages":[],"meta":{},"tags":[],"benchmarks":[]},{"ancestorTitles":[],"fullName":"validates IDs before executing","status":"passed","title":"validates IDs before executing","duration":3.3974000000000615,"failureMessages":[],"meta":{},"tags":[],"benchmarks":[]},{"ancestorTitles":[],"fullName":"returns authentication errors without leaking secrets","status":"passed","title":"returns authentication errors without leaking secrets","duration":2.229000000000042,"failureMessages":[],"meta":{},"tags":[],"benchmarks":[]},{"ancestorTitles":[],"fullName":"redacts unexpected errors","status":"passed","title":"redacts unexpected errors","duration":2.0963999999999032,"failureMessages":[],"meta":{},"tags":[],"benchmarks":[]}],"startTime":1789340050062,"endTime":1789340050093.0964,"status":"passed","message":"","name":"tests/server.test.ts"},{"assertionResults":[{"ancestorTitles":["study tools"],"fullName":"study tools separates category placeholder totals from individual grades","status":"passed","title":"separates category placeholder totals from individual grades","duration":9.423099999999977,"failureMessages":[],"meta":{},"tags":[],"benchmarks":[]},{"ancestorTitles":["study tools"],"fullName":"study tools keeps missing dates and grades distinct from zero","status":"passed","title":"keeps missing dates and grades distinct from zero","duration":1.487600000000043,"failureMessages":[],"meta":{},"tags":[],"benchmarks":[]},{"ancestorTitles":["study tools"],"fullName":"study tools does not include private comment fields","status":"passed","title":"does not include private comment fields","duration":0.694400000000087,"failureMessages":[],"meta":{},"tags":[],"benchmarks":[]},{"ancestorTitles":["study tools"],"fullName":"study tools combines due and closing dates, excludes hidden quizzes, and respects exclusive end","status":"passed","title":"combines due and closing dates, excludes hidden quizzes, and respects exclusive end","duration":15.971400000000017,"failureMessages":[],"meta":{},"tags":[],"benchmarks":[]},{"ancestorTitles":["study tools"],"fullName":"study tools returns read-only quiz limits and availability metadata","status":"passed","title":"returns read-only quiz limits and availability metadata","duration":1.8508000000000493,"failureMessages":[],"meta":{},"tags":[],"benchmarks":[]},{"ancestorTitles":["study tools"],"fullName":"study tools labels grade projections as local hypothetical arithmetic","status":"passed","title":"labels grade projections as local hypothetical arithmetic","duration":0.6616000000000213,"failureMessages":[],"meta":{},"tags":[],"benchmarks":[]},{"ancestorTitles":["study tools"],"fullName":"study tools searches topic metadata with module paths without fetching unrelated topics","status":"passed","title":"searches topic metadata with module paths without fetching unrelated topics","duration":2.1327,"failureMessages":[],"meta":{},"tags":[],"benchmarks":[]},{"ancestorTitles":["study tools"],"fullName":"study tools reports partial permission failures instead of claiming no deadlines","status":"passed","title":"reports partial permission failures instead of claiming no deadlines","duration":1.0856999999999744,"failureMessages":[],"meta":{},"tags":[],"benchmarks":[]},{"ancestorTitles":["study tools"],"fullName":"study tools rejects courses outside your enrollments before requesting their data","status":"passed","title":"rejects courses outside your enrollments before requesting their data","duration":1.46550000000002,"failureMessages":[],"meta":{},"tags":[],"benchmarks":[]},{"ancestorTitles":["study tools"],"fullName":"study tools does not read topics inside locked modules","status":"passed","title":"does not read topics inside locked modules","duration":1.1261999999999261,"failureMessages":[],"meta":{},"tags":[],"benchmarks":[]},{"ancestorTitles":["study tools"],"fullName":"study tools pages readable material without losing the source","status":"passed","title":"pages readable material without losing the source","duration":0.6321000000000367,"failureMessages":[],"meta":{},"tags":[],"benchmarks":[]},{"ancestorTitles":["study tools"],"fullName":"study tools rejects ambiguous material IDs and unlisted attachments","status":"passed","title":"rejects ambiguous material IDs and unlisted attachments","duration":0.6259000000000015,"failureMessages":[],"meta":{},"tags":[],"benchmarks":[]}],"startTime":1789340049660,"endTime":1789340049697.626,"status":"passed","message":"","name":"tests/service.test.ts"},{"assertionResults":[{"ancestorTitles":[],"fullName":"encrypts on disk and survives a fresh store instance","status":"passed","title":"encrypts on disk and survives a fresh store instance","duration":16.84159999999997,"failureMessages":[],"meta":{},"tags":[],"benchmarks":[]},{"ancestorTitles":[],"fullName":"does not persist browser storage or cookies from unapproved domains","status":"passed","title":"does not persist browser storage or cookies from unapproved domains","duration":7.886499999999955,"failureMessages":[],"meta":{},"tags":[],"benchmarks":[]},{"ancestorTitles":[],"fullName":"rejects tampering without deleting saved state","status":"passed","title":"rejects tampering without deleting saved state","duration":7.754700000000071,"failureMessages":[],"meta":{},"tags":[],"benchmarks":[]},{"ancestorTitles":[],"fullName":"logout removes the session and key","status":"passed","title":"logout removes the session and key","duration":3.3344999999999345,"failureMessages":[],"meta":{},"tags":[],"benchmarks":[]},{"ancestorTitles":[],"fullName":"never falls back to plaintext when the keyring fails","status":"passed","title":"never falls back to plaintext when the keyring fails","duration":1.1140000000000327,"failureMessages":[],"meta":{},"tags":[],"benchmarks":[]}],"startTime":1789340049601,"endTime":1789340049638.114,"status":"passed","message":"","name":"tests/store.test.ts"}]}
